<?xml version="1.0" encoding="UTF-8"?>
<!-- Generated by org.testng.reporters.JUnitXMLReporter -->
<testsuite hostname="clm-pun-to9k3t" ignored="2" name="Test" tests="13" failures="0" timestamp="2019-09-27T11:11:19 IST" time="93.631" errors="0">
  <testcase name="TestLaunchFrames" time="14.231" classname="testng.TestFrames"/>
  <testcase name="TestLaunchGMO" time="1.492" classname="testng.TestGMO"/>
  <testcase name="TestFramesInPage" time="7.85" classname="testng.TestFrames"/>
  <testcase name="TestGMOHome" time="3.002" classname="testng.TestGMO"/>
  <testcase name="TestCatalogPage" time="1.949" classname="testng.TestGMO"/>
  <testcase name="TestPlaceOrder" time="0.406" classname="testng.TestGMO"/>
  <testcase name="TestBillingInfo" time="1.537" classname="testng.TestGMO"/>
  <testcase name="TestLaunchExpedia" time="40.289" classname="testng.Expedia"/>
  <testcase name="TestOpenSupportPage" time="7.075" classname="testng.Expedia"/>
  <testcase name="TestSendFeedback" time="5.08" classname="testng.Expedia"/>
  <testcase name="TestSwitchToFirstBrowser" time="0.162" classname="testng.Expedia"/>
  <testcase name="TestDestinationSelection" time="2.885" classname="testng.Expedia"/>
  <testcase name="TestFrameNavigation" time="61.702" classname="testng.TestFrames"/>
  <testcase name="TestCatalogPlaceOrder" time="0.0" classname="testng.TestGMO">
    <ignored/>
  </testcase> <!-- TestCatalogPlaceOrder -->
  <testcase name="TestCatalog" time="0.0" classname="testng.TestGMO">
    <ignored/>
  </testcase> <!-- TestCatalog -->
</testsuite> <!-- Test -->
