<?xml version="1.0" encoding="UTF-8"?>
<testng-results skipped="0" failed="0" ignored="2" total="15" passed="13">
  <reporter-output>
  </reporter-output>
  <suite name="Suite" duration-ms="77622" started-at="2019-09-27T13:19:47 IST" finished-at="2019-09-27T13:21:05 IST">
    <groups>
    </groups>
    <test name="Test1" duration-ms="26919" started-at="2019-09-27T13:19:47 IST" finished-at="2019-09-27T13:20:14 IST">
      <class name="testng.TestGMO">
        <test-method status="PASS" signature="startDriver(java.lang.String, java.lang.String, java.lang.String, java.lang.String)[pri:0, instance:testng.TestGMO@3701eaf6]" name="startDriver" is-config="true" duration-ms="12657" started-at="2019-09-27T13:19:47 IST" finished-at="2019-09-27T13:20:00 IST">
          <params>
            <param index="0">
              <value>
                <![CDATA[http://10.133.143.93:4444/wd/hub]]>
              </value>
            </param>
            <param index="1">
              <value>
                <![CDATA[Any]]>
              </value>
            </param>
            <param index="2">
              <value>
                <![CDATA[firefox]]>
              </value>
            </param>
            <param index="3">
              <value>
                <![CDATA[69]]>
              </value>
            </param>
          </params>
          <reporter-output>
          </reporter-output>
        </test-method> <!-- startDriver -->
        <test-method status="PASS" signature="TestLaunchGMO()[pri:1, instance:testng.TestGMO@3701eaf6]" name="TestLaunchGMO" duration-ms="1980" started-at="2019-09-27T13:20:00 IST" finished-at="2019-09-27T13:20:02 IST">
          <reporter-output>
          </reporter-output>
        </test-method> <!-- TestLaunchGMO -->
        <test-method status="PASS" signature="TestGMOHome()[pri:2, instance:testng.TestGMO@3701eaf6]" name="TestGMOHome" duration-ms="4457" started-at="2019-09-27T13:20:02 IST" depends-on-methods="testng.TestGMO.TestLaunchGMO" finished-at="2019-09-27T13:20:06 IST">
          <reporter-output>
          </reporter-output>
        </test-method> <!-- TestGMOHome -->
        <test-method status="PASS" signature="TestCatalogPage()[pri:3, instance:testng.TestGMO@3701eaf6]" name="TestCatalogPage" duration-ms="2501" started-at="2019-09-27T13:20:06 IST" depends-on-methods="testng.TestGMO.TestGMOHome" finished-at="2019-09-27T13:20:09 IST">
          <reporter-output>
          </reporter-output>
        </test-method> <!-- TestCatalogPage -->
        <test-method status="PASS" signature="TestPlaceOrder()[pri:5, instance:testng.TestGMO@3701eaf6]" name="TestPlaceOrder" duration-ms="393" started-at="2019-09-27T13:20:09 IST" depends-on-methods="testng.TestGMO.TestCatalogPage" finished-at="2019-09-27T13:20:09 IST">
          <reporter-output>
          </reporter-output>
        </test-method> <!-- TestPlaceOrder -->
        <test-method status="PASS" signature="TestBillingInfo([Ljava.lang.String;)[pri:6, instance:testng.TestGMO@3701eaf6]" name="TestBillingInfo" duration-ms="1976" started-at="2019-09-27T13:20:09 IST" data-provider="dpAddress" depends-on-methods="testng.TestGMO.TestPlaceOrder" finished-at="2019-09-27T13:20:11 IST">
          <params>
            <param index="0">
              <value>
                <![CDATA[[Ljava.lang.String;@39a1c1ba]]>
              </value>
            </param>
          </params>
          <reporter-output>
          </reporter-output>
        </test-method> <!-- TestBillingInfo -->
        <test-method status="PASS" signature="stopDriver()[pri:0, instance:testng.TestGMO@3701eaf6]" name="stopDriver" is-config="true" duration-ms="2910" started-at="2019-09-27T13:20:11 IST" finished-at="2019-09-27T13:20:14 IST">
          <reporter-output>
          </reporter-output>
        </test-method> <!-- stopDriver -->
      </class> <!-- testng.TestGMO -->
    </test> <!-- Test1 -->
    <test name="Test3" duration-ms="47731" started-at="2019-09-27T13:19:47 IST" finished-at="2019-09-27T13:20:35 IST">
      <class name="testng.Expedia">
        <test-method status="PASS" signature="startDriver(java.lang.String, java.lang.String, java.lang.String, java.lang.String)[pri:0, instance:testng.Expedia@23faf8f2]" name="startDriver" is-config="true" duration-ms="6109" started-at="2019-09-27T13:19:47 IST" finished-at="2019-09-27T13:19:53 IST">
          <params>
            <param index="0">
              <value>
                <![CDATA[http://10.133.143.93:4444/wd/hub]]>
              </value>
            </param>
            <param index="1">
              <value>
                <![CDATA[Any]]>
              </value>
            </param>
            <param index="2">
              <value>
                <![CDATA[chrome]]>
              </value>
            </param>
            <param index="3">
              <value>
                <![CDATA[77]]>
              </value>
            </param>
          </params>
          <reporter-output>
          </reporter-output>
        </test-method> <!-- startDriver -->
        <test-method status="PASS" signature="TestLaunchExpedia()[pri:1, instance:testng.Expedia@23faf8f2]" name="TestLaunchExpedia" duration-ms="25260" started-at="2019-09-27T13:19:53 IST" finished-at="2019-09-27T13:20:18 IST">
          <reporter-output>
          </reporter-output>
        </test-method> <!-- TestLaunchExpedia -->
        <test-method status="PASS" signature="TestOpenSupportPage()[pri:2, instance:testng.Expedia@23faf8f2]" name="TestOpenSupportPage" duration-ms="6995" started-at="2019-09-27T13:20:18 IST" depends-on-methods="testng.Expedia.TestLaunchExpedia" finished-at="2019-09-27T13:20:25 IST">
          <reporter-output>
          </reporter-output>
        </test-method> <!-- TestOpenSupportPage -->
        <test-method status="PASS" signature="TestSendFeedback()[pri:3, instance:testng.Expedia@23faf8f2]" name="TestSendFeedback" duration-ms="5185" started-at="2019-09-27T13:20:25 IST" depends-on-methods="testng.Expedia.TestOpenSupportPage" finished-at="2019-09-27T13:20:30 IST">
          <reporter-output>
          </reporter-output>
        </test-method> <!-- TestSendFeedback -->
        <test-method status="PASS" signature="TestSwitchToFirstBrowser()[pri:4, instance:testng.Expedia@23faf8f2]" name="TestSwitchToFirstBrowser" duration-ms="212" started-at="2019-09-27T13:20:30 IST" depends-on-methods="testng.Expedia.TestSendFeedback" finished-at="2019-09-27T13:20:31 IST">
          <reporter-output>
          </reporter-output>
        </test-method> <!-- TestSwitchToFirstBrowser -->
        <test-method status="PASS" signature="TestDestinationSelection()[pri:5, instance:testng.Expedia@23faf8f2]" name="TestDestinationSelection" duration-ms="2843" started-at="2019-09-27T13:20:31 IST" depends-on-methods="testng.Expedia.TestSwitchToFirstBrowser" finished-at="2019-09-27T13:20:34 IST">
          <reporter-output>
          </reporter-output>
        </test-method> <!-- TestDestinationSelection -->
        <test-method status="PASS" signature="stopDriver()[pri:0, instance:testng.Expedia@23faf8f2]" name="stopDriver" is-config="true" duration-ms="1104" started-at="2019-09-27T13:20:34 IST" finished-at="2019-09-27T13:20:35 IST">
          <reporter-output>
          </reporter-output>
        </test-method> <!-- stopDriver -->
      </class> <!-- testng.Expedia -->
    </test> <!-- Test3 -->
    <test name="Test2" duration-ms="77622" started-at="2019-09-27T13:19:47 IST" finished-at="2019-09-27T13:21:05 IST">
      <class name="testng.TestFrames">
        <test-method status="PASS" signature="startDriver(java.lang.String, java.lang.String, java.lang.String, java.lang.String)[pri:0, instance:testng.TestFrames@1c3a4799]" name="startDriver" is-config="true" duration-ms="4865" started-at="2019-09-27T13:19:47 IST" finished-at="2019-09-27T13:19:52 IST">
          <params>
            <param index="0">
              <value>
                <![CDATA[http://10.133.143.93:4444/wd/hub]]>
              </value>
            </param>
            <param index="1">
              <value>
                <![CDATA[Any]]>
              </value>
            </param>
            <param index="2">
              <value>
                <![CDATA[internet explorer]]>
              </value>
            </param>
            <param index="3">
              <value>
                <![CDATA[11]]>
              </value>
            </param>
          </params>
          <reporter-output>
          </reporter-output>
        </test-method> <!-- startDriver -->
        <test-method status="PASS" signature="TestLaunchFrames()[pri:1, instance:testng.TestFrames@1c3a4799]" name="TestLaunchFrames" duration-ms="9565" started-at="2019-09-27T13:19:52 IST" finished-at="2019-09-27T13:20:01 IST">
          <reporter-output>
          </reporter-output>
        </test-method> <!-- TestLaunchFrames -->
        <test-method status="PASS" signature="TestFramesInPage()[pri:2, instance:testng.TestFrames@1c3a4799]" name="TestFramesInPage" duration-ms="7434" started-at="2019-09-27T13:20:01 IST" depends-on-methods="testng.TestFrames.TestLaunchFrames" finished-at="2019-09-27T13:20:09 IST">
          <reporter-output>
          </reporter-output>
        </test-method> <!-- TestFramesInPage -->
        <test-method status="PASS" signature="TestFrameNavigation()[pri:3, instance:testng.TestFrames@1c3a4799]" name="TestFrameNavigation" duration-ms="55672" started-at="2019-09-27T13:20:09 IST" depends-on-methods="testng.TestFrames.TestFramesInPage" finished-at="2019-09-27T13:21:04 IST">
          <reporter-output>
          </reporter-output>
        </test-method> <!-- TestFrameNavigation -->
        <test-method status="PASS" signature="stopDriver()[pri:0, instance:testng.TestFrames@1c3a4799]" name="stopDriver" is-config="true" duration-ms="47" started-at="2019-09-27T13:21:04 IST" finished-at="2019-09-27T13:21:05 IST">
          <reporter-output>
          </reporter-output>
        </test-method> <!-- stopDriver -->
      </class> <!-- testng.TestFrames -->
    </test> <!-- Test2 -->
  </suite> <!-- Suite -->
</testng-results>
