<?xml version="1.0" encoding="UTF-8"?>
<!-- Generated by org.testng.reporters.JUnitXMLReporter -->
<testsuite hostname="clm-pun-to9k3t" ignored="0" name="Test3" tests="12" failures="0" timestamp="2019-09-27T16:08:49 IST" time="76.646" errors="0">
  <testcase name="TestLaunchGMO" time="1.778" classname="testng.TestGMO"/>
  <testcase name="TestLaunchFrames" time="14.498" classname="testng.TestFrames"/>
  <testcase name="TestGMOHome" time="3.912" classname="testng.TestGMO"/>
  <testcase name="TestFramesInPage" time="2.45" classname="testng.TestFrames"/>
  <testcase name="TestCatalogPage" time="2.542" classname="testng.TestGMO"/>
  <testcase name="TestPlaceOrder" time="0.471" classname="testng.TestGMO"/>
  <testcase name="TestBillingInfo" time="1.74" classname="testng.TestGMO"/>
  <testcase name="TestLaunchExpedia" time="46.456" classname="testng.Expedia"/>
  <testcase name="TestOpenSupportPage" time="6.994" classname="testng.Expedia"/>
  <testcase name="TestSendFeedback" time="7.68" classname="testng.Expedia"/>
  <testcase name="TestSwitchToFirstBrowser" time="0.186" classname="testng.Expedia"/>
  <testcase name="TestDestinationSelection" time="3.092" classname="testng.Expedia"/>
</testsuite> <!-- Test3 -->
