<?xml version="1.0" encoding="UTF-8"?>
<!-- Generated by org.testng.reporters.JUnitXMLReporter -->
<testsuite hostname="clm-pun-to9k3t" ignored="3" name="Test1" tests="7" failures="0" timestamp="2019-09-27T16:08:29 IST" time="56.142" errors="0">
  <testcase name="TestLaunchGMO" time="1.778" classname="testng.TestGMO"/>
  <testcase name="TestLaunchFrames" time="14.498" classname="testng.TestFrames"/>
  <testcase name="TestGMOHome" time="3.912" classname="testng.TestGMO"/>
  <testcase name="TestFramesInPage" time="2.45" classname="testng.TestFrames"/>
  <testcase name="TestCatalogPage" time="2.542" classname="testng.TestGMO"/>
  <testcase name="TestPlaceOrder" time="0.471" classname="testng.TestGMO"/>
  <testcase name="TestBillingInfo" time="1.74" classname="testng.TestGMO"/>
  <testcase name="TestCatalogPlaceOrder" time="0.0" classname="testng.TestGMO">
    <ignored/>
  </testcase> <!-- TestCatalogPlaceOrder -->
  <testcase name="TestCatalog" time="0.0" classname="testng.TestGMO">
    <ignored/>
  </testcase> <!-- TestCatalog -->
  <testcase name="TestCatalog" time="0.0" classname="testng.TestGMO">
    <ignored/>
  </testcase> <!-- TestCatalog -->
</testsuite> <!-- Test1 -->
