<?xml version="1.0" encoding="UTF-8"?>
<!-- Generated by org.testng.reporters.JUnitXMLReporter -->
<testsuite hostname="clm-pun-to9k3t" ignored="2" name="Test1" tests="7" failures="0" timestamp="2019-09-27T13:20:14 IST" time="26.919" errors="0">
  <testcase name="TestLaunchFrames" time="9.565" classname="testng.TestFrames"/>
  <testcase name="TestLaunchGMO" time="1.98" classname="testng.TestGMO"/>
  <testcase name="TestGMOHome" time="4.457" classname="testng.TestGMO"/>
  <testcase name="TestCatalogPage" time="2.501" classname="testng.TestGMO"/>
  <testcase name="TestFramesInPage" time="7.434" classname="testng.TestFrames"/>
  <testcase name="TestPlaceOrder" time="0.393" classname="testng.TestGMO"/>
  <testcase name="TestBillingInfo" time="1.976" classname="testng.TestGMO"/>
  <testcase name="TestCatalogPlaceOrder" time="0.0" classname="testng.TestGMO">
    <ignored/>
  </testcase> <!-- TestCatalogPlaceOrder -->
  <testcase name="TestCatalog" time="0.0" classname="testng.TestGMO">
    <ignored/>
  </testcase> <!-- TestCatalog -->
</testsuite> <!-- Test1 -->
