<?xml version="1.0" encoding="UTF-8"?>
<!-- Generated by org.testng.reporters.JUnitXMLReporter -->
<testsuite hostname="clm-pun-to9k3t" ignored="0" name="Default test" tests="3" failures="0" timestamp="2019-09-27T11:27:50 IST" time="30.136" errors="0">
  <testcase name="TestLaunchFlipkart" time="7.302" classname="testng.Flipkart"/>
  <testcase name="TestLogin" time="5.516" classname="testng.Flipkart"/>
  <testcase name="TestSelectCategory" time="7.582" classname="testng.Flipkart"/>
</testsuite> <!-- Default test -->
